2025-01-09 13:17:39,415 [INFO] org.studyeasy.SpringRestdemo.SpringRestdemoApplication [main] Starting SpringRestdemoApplication using Java 17.0.12 with PID 9080 (D:\Ángel\Code\_Git Repositories\Java-Spring\exams-app-backend\target\classes started by Ángel in D:\Ángel\Code\_Git Repositories\Java-Spring\exams-app-backend)
2025-01-09 13:17:39,422 [DEBUG] org.studyeasy.SpringRestdemo.SpringRestdemoApplication [main] Running with Spring Boot v3.0.1, Spring v6.0.3
2025-01-09 13:17:39,423 [INFO] org.studyeasy.SpringRestdemo.SpringRestdemoApplication [main] No active profile set, falling back to 1 default profile: "default"
2025-01-09 13:17:40,658 [INFO] org.springframework.data.repository.config.RepositoryConfigurationDelegate [main] Bootstrapping Spring Data JPA repositories in DEFAULT mode.
2025-01-09 13:17:40,758 [INFO] org.springframework.data.repository.config.RepositoryConfigurationDelegate [main] Finished Spring Data repository scanning in 86 ms. Found 3 JPA repository interfaces.
2025-01-09 13:17:41,344 [INFO] org.springframework.boot.web.embedded.tomcat.TomcatWebServer [main] Tomcat initialized with port(s): 8080 (http)
2025-01-09 13:17:41,350 [INFO] org.apache.catalina.core.StandardService [main] Starting service [Tomcat]
2025-01-09 13:17:41,355 [INFO] org.apache.catalina.core.StandardEngine [main] Starting Servlet engine: [Apache Tomcat/10.1.4]
2025-01-09 13:17:41,459 [INFO] org.apache.catalina.core.ContainerBase.[Tomcat].[localhost].[/] [main] Initializing Spring embedded WebApplicationContext
2025-01-09 13:17:41,459 [INFO] org.springframework.boot.web.servlet.context.ServletWebServerApplicationContext [main] Root WebApplicationContext: initialization completed in 1977 ms
2025-01-09 13:17:41,558 [INFO] com.zaxxer.hikari.HikariDataSource [main] HikariPool-1 - Starting...
2025-01-09 13:17:41,798 [INFO] com.zaxxer.hikari.pool.HikariPool [main] HikariPool-1 - Added connection conn0: url=jdbc:h2:file:./db/db user=ADMIN
2025-01-09 13:17:41,798 [INFO] com.zaxxer.hikari.HikariDataSource [main] HikariPool-1 - Start completed.
2025-01-09 13:17:41,817 [INFO] org.springframework.boot.autoconfigure.h2.H2ConsoleAutoConfiguration [main] H2 console available at '/db-console'. Database available at 'jdbc:h2:file:./db/db'
2025-01-09 13:17:41,958 [INFO] org.hibernate.jpa.internal.util.LogHelper [main] HHH000204: Processing PersistenceUnitInfo [name: default]
2025-01-09 13:17:42,024 [INFO] org.hibernate.Version [main] HHH000412: Hibernate ORM core version 6.1.6.Final
2025-01-09 13:17:42,199 [WARN] org.hibernate.orm.deprecation [main] HHH90000021: Encountered deprecated setting [javax.persistence.sharedCache.mode], use [jakarta.persistence.sharedCache.mode] instead
2025-01-09 13:17:42,339 [INFO] SQL dialect [main] HHH000400: Using dialect: org.hibernate.dialect.H2Dialect
2025-01-09 13:17:43,205 [INFO] org.hibernate.engine.transaction.jta.platform.internal.JtaPlatformInitiator [main] HHH000490: Using JtaPlatform implementation: [org.hibernate.engine.transaction.jta.platform.internal.NoJtaPlatform]
2025-01-09 13:17:43,212 [INFO] org.springframework.orm.jpa.LocalContainerEntityManagerFactoryBean [main] Initialized JPA EntityManagerFactory for persistence unit 'default'
2025-01-09 13:17:43,913 [WARN] org.springframework.boot.autoconfigure.orm.jpa.JpaBaseConfiguration$JpaWebConfiguration [main] spring.jpa.open-in-view is enabled by default. Therefore, database queries may be performed during view rendering. Explicitly configure spring.jpa.open-in-view to disable this warning
2025-01-09 13:17:44,768 [INFO] org.springframework.boot.actuate.endpoint.web.EndpointLinksResolver [main] Exposing 1 endpoint(s) beneath base path '/actuator'
2025-01-09 13:17:44,858 [INFO] org.springframework.security.web.DefaultSecurityFilterChain [main] Will secure any request with [org.springframework.security.web.session.DisableEncodeUrlFilter@4d305059, org.springframework.security.web.context.request.async.WebAsyncManagerIntegrationFilter@3304362e, org.springframework.security.web.context.SecurityContextHolderFilter@7ecf4608, org.springframework.security.web.header.HeaderWriterFilter@8b93c88, org.springframework.security.web.authentication.logout.LogoutFilter@27ea7c8f, org.springframework.security.oauth2.server.resource.web.authentication.BearerTokenAuthenticationFilter@7c290246, org.springframework.security.web.savedrequest.RequestCacheAwareFilter@73f6ffb1, org.springframework.security.web.servletapi.SecurityContextHolderAwareRequestFilter@3fecdd00, org.springframework.security.web.authentication.AnonymousAuthenticationFilter@78b293a, org.springframework.security.web.session.SessionManagementFilter@3dfe2797, org.springframework.security.web.access.ExceptionTranslationFilter@6d76aa05, org.springframework.security.web.access.intercept.AuthorizationFilter@5b132063]
2025-01-09 13:17:45,271 [INFO] org.springframework.boot.web.embedded.tomcat.TomcatWebServer [main] Tomcat started on port(s): 8080 (http) with context path ''
2025-01-09 13:17:45,286 [INFO] org.studyeasy.SpringRestdemo.SpringRestdemoApplication [main] Started SpringRestdemoApplication in 6.33 seconds (process running for 6.85)
2025-01-09 13:17:56,018 [INFO] org.apache.catalina.core.ContainerBase.[Tomcat].[localhost].[/] [http-nio-8080-exec-1] Initializing Spring DispatcherServlet 'dispatcherServlet'
2025-01-09 13:17:56,018 [INFO] org.springframework.web.servlet.DispatcherServlet [http-nio-8080-exec-1] Initializing Servlet 'dispatcherServlet'
2025-01-09 13:17:56,018 [INFO] org.springframework.web.servlet.DispatcherServlet [http-nio-8080-exec-1] Completed initialization in 0 ms
2025-01-09 13:18:08,008 [INFO] org.springdoc.api.AbstractOpenApiResource [http-nio-8080-exec-1] Init duration for springdoc-openapi is: 389 ms
