2024-12-26 13:58:13,672 [INFO] org.studyeasy.SpringRestdemo.SpringRestdemoApplication [main] Starting SpringRestdemoApplication using Java 17.0.12 with PID 10396 (D:\Ángel\Code\_Git Repositories\Java-Spring\SPR_P03_SpringBoot_User_REST_API\target\classes started by Ángel in D:\Ángel\Code\_Git Repositories\Java-Spring\SPR_P03_SpringBoot_User_REST_API)
2024-12-26 13:58:13,678 [DEBUG] org.studyeasy.SpringRestdemo.SpringRestdemoApplication [main] Running with Spring Boot v3.0.1, Spring v6.0.3
2024-12-26 13:58:13,678 [INFO] org.studyeasy.SpringRestdemo.SpringRestdemoApplication [main] No active profile set, falling back to 1 default profile: "default"
2024-12-26 13:58:14,373 [INFO] org.springframework.data.repository.config.RepositoryConfigurationDelegate [main] Bootstrapping Spring Data JPA repositories in DEFAULT mode.
2024-12-26 13:58:14,419 [INFO] org.springframework.data.repository.config.RepositoryConfigurationDelegate [main] Finished Spring Data repository scanning in 38 ms. Found 1 JPA repository interfaces.
2024-12-26 13:58:14,892 [INFO] org.springframework.boot.web.embedded.tomcat.TomcatWebServer [main] Tomcat initialized with port(s): 8080 (http)
2024-12-26 13:58:14,900 [INFO] org.apache.catalina.core.StandardService [main] Starting service [Tomcat]
2024-12-26 13:58:14,900 [INFO] org.apache.catalina.core.StandardEngine [main] Starting Servlet engine: [Apache Tomcat/10.1.4]
2024-12-26 13:58:14,981 [INFO] org.apache.catalina.core.ContainerBase.[Tomcat].[localhost].[/] [main] Initializing Spring embedded WebApplicationContext
2024-12-26 13:58:14,982 [INFO] org.springframework.boot.web.servlet.context.ServletWebServerApplicationContext [main] Root WebApplicationContext: initialization completed in 1254 ms
2024-12-26 13:58:15,009 [INFO] com.zaxxer.hikari.HikariDataSource [main] HikariPool-1 - Starting...
2024-12-26 13:58:15,183 [INFO] com.zaxxer.hikari.pool.HikariPool [main] HikariPool-1 - Added connection conn0: url=jdbc:h2:file:./db/db user=ADMIN
2024-12-26 13:58:15,184 [INFO] com.zaxxer.hikari.HikariDataSource [main] HikariPool-1 - Start completed.
2024-12-26 13:58:15,200 [INFO] org.springframework.boot.autoconfigure.h2.H2ConsoleAutoConfiguration [main] H2 console available at '/db-console'. Database available at 'jdbc:h2:file:./db/db'
2024-12-26 13:58:15,306 [INFO] org.hibernate.jpa.internal.util.LogHelper [main] HHH000204: Processing PersistenceUnitInfo [name: default]
2024-12-26 13:58:15,350 [INFO] org.hibernate.Version [main] HHH000412: Hibernate ORM core version 6.1.6.Final
2024-12-26 13:58:15,475 [WARN] org.hibernate.orm.deprecation [main] HHH90000021: Encountered deprecated setting [javax.persistence.sharedCache.mode], use [jakarta.persistence.sharedCache.mode] instead
2024-12-26 13:58:15,583 [INFO] SQL dialect [main] HHH000400: Using dialect: org.hibernate.dialect.H2Dialect
2024-12-26 13:58:16,108 [INFO] org.hibernate.engine.transaction.jta.platform.internal.JtaPlatformInitiator [main] HHH000490: Using JtaPlatform implementation: [org.hibernate.engine.transaction.jta.platform.internal.NoJtaPlatform]
2024-12-26 13:58:16,114 [INFO] org.springframework.orm.jpa.LocalContainerEntityManagerFactoryBean [main] Initialized JPA EntityManagerFactory for persistence unit 'default'
2024-12-26 13:58:16,656 [WARN] org.springframework.boot.autoconfigure.orm.jpa.JpaBaseConfiguration$JpaWebConfiguration [main] spring.jpa.open-in-view is enabled by default. Therefore, database queries may be performed during view rendering. Explicitly configure spring.jpa.open-in-view to disable this warning
2024-12-26 13:58:17,342 [INFO] org.springframework.security.web.DefaultSecurityFilterChain [main] Will secure any request with [org.springframework.security.web.session.DisableEncodeUrlFilter@22ba30b0, org.springframework.security.web.context.request.async.WebAsyncManagerIntegrationFilter@22bca04e, org.springframework.security.web.context.SecurityContextHolderFilter@7827cdfc, org.springframework.security.web.header.HeaderWriterFilter@22a1d77b, org.springframework.security.web.authentication.logout.LogoutFilter@50d6af87, org.springframework.security.oauth2.server.resource.web.authentication.BearerTokenAuthenticationFilter@733e3c19, org.springframework.security.web.savedrequest.RequestCacheAwareFilter@19d3f4fb, org.springframework.security.web.servletapi.SecurityContextHolderAwareRequestFilter@3398ed12, org.springframework.security.web.authentication.AnonymousAuthenticationFilter@20608ef4, org.springframework.security.web.session.SessionManagementFilter@7a491a60, org.springframework.security.web.access.ExceptionTranslationFilter@7077ae9c, org.springframework.security.web.access.intercept.AuthorizationFilter@7da9b32c]
2024-12-26 13:58:17,543 [INFO] org.springframework.boot.web.embedded.tomcat.TomcatWebServer [main] Tomcat started on port(s): 8080 (http) with context path ''
2024-12-26 13:58:17,552 [INFO] org.studyeasy.SpringRestdemo.SpringRestdemoApplication [main] Started SpringRestdemoApplication in 4.207 seconds (process running for 4.475)
2024-12-26 13:58:25,275 [INFO] org.apache.catalina.core.ContainerBase.[Tomcat].[localhost].[/] [http-nio-8080-exec-3] Initializing Spring DispatcherServlet 'dispatcherServlet'
2024-12-26 13:58:25,276 [INFO] org.springframework.web.servlet.DispatcherServlet [http-nio-8080-exec-3] Initializing Servlet 'dispatcherServlet'
2024-12-26 13:58:25,276 [INFO] org.springframework.web.servlet.DispatcherServlet [http-nio-8080-exec-3] Completed initialization in 0 ms
2024-12-26 13:58:25,922 [INFO] org.springdoc.api.AbstractOpenApiResource [http-nio-8080-exec-9] Init duration for springdoc-openapi is: 391 ms
