2024-12-26 13:54:24,055 [INFO] org.studyeasy.SpringBlog.SpringBlogApplication [restartedMain] Starting SpringBlogApplication using Java 17.0.12 with PID 21740 (D:\Ángel\Code\_Git Repositories\Java-Spring\SPR_P02_SpringBoot_BlogApp\target\classes started by Ángel in D:\Ángel\Code\_Git Repositories\Java-Spring\SPR_P02_SpringBoot_BlogApp)
2024-12-26 13:54:24,064 [INFO] org.studyeasy.SpringBlog.SpringBlogApplication [restartedMain] No active profile set, falling back to 1 default profile: "default"
2024-12-26 13:54:24,134 [INFO] org.springframework.boot.devtools.env.DevToolsPropertyDefaultsPostProcessor [restartedMain] Devtools property defaults active! Set 'spring.devtools.add-properties' to 'false' to disable
2024-12-26 13:54:24,135 [INFO] org.springframework.boot.devtools.env.DevToolsPropertyDefaultsPostProcessor [restartedMain] For additional web related logging consider setting the 'logging.level.web' property to 'DEBUG'
2024-12-26 13:54:25,047 [INFO] org.springframework.data.repository.config.RepositoryConfigurationDelegate [restartedMain] Bootstrapping Spring Data JPA repositories in DEFAULT mode.
2024-12-26 13:54:25,132 [INFO] org.springframework.data.repository.config.RepositoryConfigurationDelegate [restartedMain] Finished Spring Data repository scanning in 67 ms. Found 3 JPA repository interfaces.
2024-12-26 13:54:25,974 [INFO] org.springframework.boot.web.embedded.tomcat.TomcatWebServer [restartedMain] Tomcat initialized with port(s): 8080 (http)
2024-12-26 13:54:25,987 [INFO] org.apache.catalina.core.StandardService [restartedMain] Starting service [Tomcat]
2024-12-26 13:54:25,988 [INFO] org.apache.catalina.core.StandardEngine [restartedMain] Starting Servlet engine: [Apache Tomcat/10.1.1]
2024-12-26 13:54:26,069 [INFO] org.apache.catalina.core.ContainerBase.[Tomcat].[localhost].[/] [restartedMain] Initializing Spring embedded WebApplicationContext
2024-12-26 13:54:26,070 [INFO] org.springframework.boot.web.servlet.context.ServletWebServerApplicationContext [restartedMain] Root WebApplicationContext: initialization completed in 1933 ms
2024-12-26 13:54:26,124 [INFO] com.zaxxer.hikari.HikariDataSource [restartedMain] HikariPool-1 - Starting...
2024-12-26 13:54:26,373 [INFO] com.zaxxer.hikari.pool.HikariPool [restartedMain] HikariPool-1 - Added connection conn0: url=jdbc:h2:file:./db/blogdb user=ADMIN
2024-12-26 13:54:26,376 [INFO] com.zaxxer.hikari.HikariDataSource [restartedMain] HikariPool-1 - Start completed.
2024-12-26 13:54:26,397 [INFO] org.springframework.boot.autoconfigure.h2.H2ConsoleAutoConfiguration [restartedMain] H2 console available at '/db-console'. Database available at 'jdbc:h2:file:./db/blogdb'
2024-12-26 13:54:26,562 [INFO] org.hibernate.jpa.internal.util.LogHelper [restartedMain] HHH000204: Processing PersistenceUnitInfo [name: default]
2024-12-26 13:54:26,625 [INFO] org.hibernate.Version [restartedMain] HHH000412: Hibernate ORM core version 6.1.5.Final
2024-12-26 13:54:26,796 [WARN] org.hibernate.orm.deprecation [restartedMain] HHH90000021: Encountered deprecated setting [javax.persistence.sharedCache.mode], use [jakarta.persistence.sharedCache.mode] instead
2024-12-26 13:54:26,918 [INFO] SQL dialect [restartedMain] HHH000400: Using dialect: org.hibernate.dialect.H2Dialect
2024-12-26 13:54:27,751 [INFO] org.hibernate.engine.transaction.jta.platform.internal.JtaPlatformInitiator [restartedMain] HHH000490: Using JtaPlatform implementation: [org.hibernate.engine.transaction.jta.platform.internal.NoJtaPlatform]
2024-12-26 13:54:27,758 [INFO] org.springframework.orm.jpa.LocalContainerEntityManagerFactoryBean [restartedMain] Initialized JPA EntityManagerFactory for persistence unit 'default'
2024-12-26 13:54:28,241 [WARN] org.springframework.boot.autoconfigure.orm.jpa.JpaBaseConfiguration$JpaWebConfiguration [restartedMain] spring.jpa.open-in-view is enabled by default. Therefore, database queries may be performed during view rendering. Explicitly configure spring.jpa.open-in-view to disable this warning
2024-12-26 13:54:28,618 [INFO] org.springframework.security.web.DefaultSecurityFilterChain [restartedMain] Will secure any request with [org.springframework.security.web.session.DisableEncodeUrlFilter@19db3534, org.springframework.security.web.context.request.async.WebAsyncManagerIntegrationFilter@3ebcb0cd, org.springframework.security.web.context.SecurityContextHolderFilter@7084c08c, org.springframework.security.web.header.HeaderWriterFilter@61b907da, org.springframework.security.web.authentication.logout.LogoutFilter@79585fd0, org.springframework.security.web.authentication.UsernamePasswordAuthenticationFilter@46d6a135, org.springframework.security.web.authentication.www.BasicAuthenticationFilter@34d20f1e, org.springframework.security.web.savedrequest.RequestCacheAwareFilter@21b5e343, org.springframework.security.web.servletapi.SecurityContextHolderAwareRequestFilter@7402a564, org.springframework.security.web.authentication.rememberme.RememberMeAuthenticationFilter@661faed9, org.springframework.security.web.authentication.AnonymousAuthenticationFilter@1a32e2fb, org.springframework.security.web.access.ExceptionTranslationFilter@3f1d40ea, org.springframework.security.web.access.intercept.AuthorizationFilter@13393dc5]
2024-12-26 13:54:28,854 [INFO] org.springframework.boot.devtools.autoconfigure.OptionalLiveReloadServer [restartedMain] LiveReload server is running on port 35729
2024-12-26 13:54:28,885 [INFO] org.springframework.boot.web.embedded.tomcat.TomcatWebServer [restartedMain] Tomcat started on port(s): 8080 (http) with context path ''
2024-12-26 13:54:28,893 [INFO] org.studyeasy.SpringBlog.SpringBlogApplication [restartedMain] Started SpringBlogApplication in 5.356 seconds (process running for 5.789)
2024-12-26 13:54:40,136 [INFO] org.apache.catalina.core.ContainerBase.[Tomcat].[localhost].[/] [http-nio-8080-exec-1] Initializing Spring DispatcherServlet 'dispatcherServlet'
2024-12-26 13:54:40,137 [INFO] org.springframework.web.servlet.DispatcherServlet [http-nio-8080-exec-1] Initializing Servlet 'dispatcherServlet'
2024-12-26 13:54:40,138 [INFO] org.springframework.web.servlet.DispatcherServlet [http-nio-8080-exec-1] Completed initialization in 1 ms
2024-12-26 13:54:40,369 [WARN] org.thymeleaf.standard.processor.AbstractStandardFragmentInsertionTagProcessor [http-nio-8080-exec-1] [THYMELEAF][http-nio-8080-exec-1][home_views/home] Deprecated unwrapped fragment expression "/fragments/head :: head" found in template home_views/home, line 4, col 9. Please use the complete syntax of fragment expressions instead ("~{/fragments/head :: head}"). The old, unwrapped syntax for fragment expressions will be removed in future versions of Thymeleaf.
2024-12-26 13:54:40,434 [WARN] org.thymeleaf.standard.processor.AbstractStandardFragmentInsertionTagProcessor [http-nio-8080-exec-1] [THYMELEAF][http-nio-8080-exec-1][home_views/home] Deprecated unwrapped fragment expression "/fragments/header :: header" found in template home_views/home, line 12, col 13. Please use the complete syntax of fragment expressions instead ("~{/fragments/header :: header}"). The old, unwrapped syntax for fragment expressions will be removed in future versions of Thymeleaf.
2024-12-26 13:54:40,489 [WARN] org.thymeleaf.standard.processor.AbstractStandardFragmentInsertionTagProcessor [http-nio-8080-exec-1] [THYMELEAF][http-nio-8080-exec-1][home_views/home] Deprecated unwrapped fragment expression "/fragments/footer :: footer" found in template home_views/home, line 78, col 11. Please use the complete syntax of fragment expressions instead ("~{/fragments/footer :: footer}"). The old, unwrapped syntax for fragment expressions will be removed in future versions of Thymeleaf.
2024-12-26 13:54:40,699 [WARN] org.thymeleaf.standard.processor.AbstractStandardFragmentInsertionTagProcessor [http-nio-8080-exec-10] [THYMELEAF][http-nio-8080-exec-10][home_views/home] Deprecated unwrapped fragment expression "/fragments/head :: head" found in template home_views/home, line 4, col 9. Please use the complete syntax of fragment expressions instead ("~{/fragments/head :: head}"). The old, unwrapped syntax for fragment expressions will be removed in future versions of Thymeleaf.
2024-12-26 13:54:40,702 [WARN] org.thymeleaf.standard.processor.AbstractStandardFragmentInsertionTagProcessor [http-nio-8080-exec-10] [THYMELEAF][http-nio-8080-exec-10][home_views/home] Deprecated unwrapped fragment expression "/fragments/header :: header" found in template home_views/home, line 12, col 13. Please use the complete syntax of fragment expressions instead ("~{/fragments/header :: header}"). The old, unwrapped syntax for fragment expressions will be removed in future versions of Thymeleaf.
2024-12-26 13:54:40,712 [WARN] org.thymeleaf.standard.processor.AbstractStandardFragmentInsertionTagProcessor [http-nio-8080-exec-10] [THYMELEAF][http-nio-8080-exec-10][home_views/home] Deprecated unwrapped fragment expression "/fragments/footer :: footer" found in template home_views/home, line 78, col 11. Please use the complete syntax of fragment expressions instead ("~{/fragments/footer :: footer}"). The old, unwrapped syntax for fragment expressions will be removed in future versions of Thymeleaf.
